<?xml version="1.0" encoding="UTF-8"?>
<!-- Generated by org.testng.reporters.JUnitXMLReporter -->
<testsuite ignored="0" hostname="DESKTOP-J0H7CPF" failures="0" tests="2" name="Cucumber Scenarios" time="13.676" errors="0" timestamp="2025-09-08T07:35:35 IST">
  <testcase classname="io.cucumber.testng.AbstractTestNGCucumberTests" name="runScenario" time="6.673"/>
  <testcase classname="io.cucumber.testng.AbstractTestNGCucumberTests" name="runScenario" time="6.335"/>
</testsuite> <!-- Cucumber Scenarios -->
